# JRE version: OpenJDK Runtime Environment (8.0_202-b03) (build 1.8.0_202-release-1483-b03)
# Java VM: OpenJDK 64-Bit Server VM (25.202-b03 mixed mode windows-amd64 compressed oops)
Heap:
 PSYoungGen      total 192000K, used 147880K [0x00000000e0000000, 0x00000000f0280000, 0x0000000100000000)
  eden space 177664K, 83% used [0x00000000e0000000,0x00000000e906a0e8,0x00000000ead80000)
  from space 14336K, 0% used [0x00000000ead80000,0x00000000ead80000,0x00000000ebb80000)
  to   space 19456K, 0% used [0x00000000eef80000,0x00000000eef80000,0x00000000f0280000)
 ParOldGen       total 116736K, used 37137K [0x00000000a0000000, 0x00000000a7200000, 0x00000000e0000000)
  object space 116736K, 31% used [0x00000000a0000000,0x00000000a2444778,0x00000000a7200000)
 Metaspace       used 61957K, capacity 63638K, committed 63832K, reserved 1103872K
  class space    used 8079K, capacity 8474K, committed 8576K, reserved 1048576K
GC Heap History (10 events):
Event: 13.396 GC heap before
{Heap before GC invocations=10 (full 1):
 PSYoungGen      total 132096K, used 58507K [0x00000000e0000000, 0x00000000e8c80000, 0x0000000100000000)
  eden space 121856K, 40% used [0x00000000e0000000,0x00000000e30b3a30,0x00000000e7700000)
  from space 10240K, 84% used [0x00000000e8180000,0x00000000e89ef220,0x00000000e8b80000)
  to   space 10752K, 0% used [0x00000000e7700000,0x00000000e7700000,0x00000000e8180000)
 ParOldGen       total 51200K, used 7718K [0x00000000a0000000, 0x00000000a3200000, 0x00000000e0000000)
  object space 51200K, 15% used [0x00000000a0000000,0x00000000a0789b98,0x00000000a3200000)
 Metaspace       used 34596K, capacity 35180K, committed 35416K, reserved 1079296K
  class space    used 4747K, capacity 4935K, committed 4992K, reserved 1048576K
Event: 13.408 GC heap after
Heap after GC invocations=10 (full 1):
 PSYoungGen      total 132608K, used 10339K [0x00000000e0000000, 0x00000000ec980000, 0x0000000100000000)
  eden space 121856K, 0% used [0x00000000e0000000,0x00000000e0000000,0x00000000e7700000)
  from space 10752K, 96% used [0x00000000e7700000,0x00000000e8118e78,0x00000000e8180000)
  to   space 11776K, 0% used [0x00000000ebe00000,0x00000000ebe00000,0x00000000ec980000)
 ParOldGen       total 51200K, used 7726K [0x00000000a0000000, 0x00000000a3200000, 0x00000000e0000000)
  object space 51200K, 15% used [0x00000000a0000000,0x00000000a078bb98,0x00000000a3200000)
 Metaspace       used 34596K, capacity 35180K, committed 35416K, reserved 1079296K
  class space    used 4747K, capacity 4935K, committed 4992K, reserved 1048576K
}
Event: 13.408 GC heap before
{Heap before GC invocations=11 (full 2):
 PSYoungGen      total 132608K, used 10339K [0x00000000e0000000, 0x00000000ec980000, 0x0000000100000000)
  eden space 121856K, 0% used [0x00000000e0000000,0x00000000e0000000,0x00000000e7700000)
  from space 10752K, 96% used [0x00000000e7700000,0x00000000e8118e78,0x00000000e8180000)
  to   space 11776K, 0% used [0x00000000ebe00000,0x00000000ebe00000,0x00000000ec980000)
 ParOldGen       total 51200K, used 7726K [0x00000000a0000000, 0x00000000a3200000, 0x00000000e0000000)
  object space 51200K, 15% used [0x00000000a0000000,0x00000000a078bb98,0x00000000a3200000)
 Metaspace       used 34596K, capacity 35180K, committed 35416K, reserved 1079296K
  class space    used 4747K, capacity 4935K, committed 4992K, reserved 1048576K
Event: 13.463 GC heap after
Heap after GC invocations=11 (full 2):
 PSYoungGen      total 132608K, used 0K [0x00000000e0000000, 0x00000000ec980000, 0x0000000100000000)
  eden space 121856K, 0% used [0x00000000e0000000,0x00000000e0000000,0x00000000e7700000)
  from space 10752K, 0% used [0x00000000e7700000,0x00000000e7700000,0x00000000e8180000)
  to   space 11776K, 0% used [0x00000000ebe00000,0x00000000ebe00000,0x00000000ec980000)
 ParOldGen       total 74240K, used 16948K [0x00000000a0000000, 0x00000000a4880000, 0x00000000e0000000)
  object space 74240K, 22% used [0x00000000a0000000,0x00000000a108d3b8,0x00000000a4880000)
 Metaspace       used 34592K, capacity 35168K, committed 35416K, reserved 1079296K
  class space    used 4746K, capacity 4933K, committed 4992K, reserved 1048576K
}
Event: 15.542 GC heap before
{Heap before GC invocations=12 (full 2):
 PSYoungGen      total 132608K, used 121856K [0x00000000e0000000, 0x00000000ec980000, 0x0000000100000000)
  eden space 121856K, 100% used [0x00000000e0000000,0x00000000e7700000,0x00000000e7700000)
  from space 10752K, 0% used [0x00000000e7700000,0x00000000e7700000,0x00000000e8180000)
  to   space 11776K, 0% used [0x00000000ebe00000,0x00000000ebe00000,0x00000000ec980000)
 ParOldGen       total 74240K, used 16948K [0x00000000a0000000, 0x00000000a4880000, 0x00000000e0000000)
  object space 74240K, 22% used [0x00000000a0000000,0x00000000a108d3b8,0x00000000a4880000)
 Metaspace       used 45640K, capacity 46566K, committed 46936K, reserved 1089536K
  class space    used 6165K, capacity 6434K, committed 6528K, reserved 1048576K
Event: 15.565 GC heap after
Heap after GC invocations=12 (full 2):
 PSYoungGen      total 178176K, used 11753K [0x00000000e0000000, 0x00000000ec980000, 0x0000000100000000)
  eden space 166400K, 0% used [0x00000000e0000000,0x00000000e0000000,0x00000000ea280000)
  from space 11776K, 99% used [0x00000000ebe00000,0x00000000ec97a6b0,0x00000000ec980000)
  to   space 14336K, 0% used [0x00000000ead80000,0x00000000ead80000,0x00000000ebb80000)
 ParOldGen       total 74240K, used 20910K [0x00000000a0000000, 0x00000000a4880000, 0x00000000e0000000)
  object space 74240K, 28% used [0x00000000a0000000,0x00000000a146bb20,0x00000000a4880000)
 Metaspace       used 45640K, capacity 46566K, committed 46936K, reserved 1089536K
  class space    used 6165K, capacity 6434K, committed 6528K, reserved 1048576K
}
Event: 17.497 GC heap before
{Heap before GC invocations=13 (full 2):
 PSYoungGen      total 178176K, used 160405K [0x00000000e0000000, 0x00000000ec980000, 0x0000000100000000)
  eden space 166400K, 89% used [0x00000000e0000000,0x00000000e912ae98,0x00000000ea280000)
  from space 11776K, 99% used [0x00000000ebe00000,0x00000000ec97a6b0,0x00000000ec980000)
  to   space 14336K, 0% used [0x00000000ead80000,0x00000000ead80000,0x00000000ebb80000)
 ParOldGen       total 74240K, used 20910K [0x00000000a0000000, 0x00000000a4880000, 0x00000000e0000000)
  object space 74240K, 28% used [0x00000000a0000000,0x00000000a146bb20,0x00000000a4880000)
 Metaspace       used 57246K, capacity 58906K, committed 59028K, reserved 1099776K
  class space    used 7790K, capacity 8182K, committed 8192K, reserved 1048576K
Event: 17.522 GC heap after
Heap after GC invocations=13 (full 2):
 PSYoungGen      total 192000K, used 14313K [0x00000000e0000000, 0x00000000f0280000, 0x0000000100000000)
  eden space 177664K, 0% used [0x00000000e0000000,0x00000000e0000000,0x00000000ead80000)
  from space 14336K, 99% used [0x00000000ead80000,0x00000000ebb7a708,0x00000000ebb80000)
  to   space 19456K, 0% used [0x00000000eef80000,0x00000000eef80000,0x00000000f0280000)
 ParOldGen       total 74240K, used 29842K [0x00000000a0000000, 0x00000000a4880000, 0x00000000e0000000)
  object space 74240K, 40% used [0x00000000a0000000,0x00000000a1d24a48,0x00000000a4880000)
 Metaspace       used 57246K, capacity 58906K, committed 59028K, reserved 1099776K
  class space    used 7790K, capacity 8182K, committed 8192K, reserved 1048576K
}
Event: 17.522 GC heap before
{Heap before GC invocations=14 (full 3):
 PSYoungGen      total 192000K, used 14313K [0x00000000e0000000, 0x00000000f0280000, 0x0000000100000000)
  eden space 177664K, 0% used [0x00000000e0000000,0x00000000e0000000,0x00000000ead80000)
  from space 14336K, 99% used [0x00000000ead80000,0x00000000ebb7a708,0x00000000ebb80000)
  to   space 19456K, 0% used [0x00000000eef80000,0x00000000eef80000,0x00000000f0280000)
 ParOldGen       total 74240K, used 29842K [0x00000000a0000000, 0x00000000a4880000, 0x00000000e0000000)
  object space 74240K, 40% used [0x00000000a0000000,0x00000000a1d24a48,0x00000000a4880000)
 Metaspace       used 57246K, capacity 58906K, committed 59028K, reserved 1099776K
  class space    used 7790K, capacity 8182K, committed 8192K, reserved 1048576K
Event: 17.727 GC heap after
Heap after GC invocations=14 (full 3):
 PSYoungGen      total 192000K, used 0K [0x00000000e0000000, 0x00000000f0280000, 0x0000000100000000)
  eden space 177664K, 0% used [0x00000000e0000000,0x00000000e0000000,0x00000000ead80000)
  from space 14336K, 0% used [0x00000000ead80000,0x00000000ead80000,0x00000000ebb80000)
  to   space 19456K, 0% used [0x00000000eef80000,0x00000000eef80000,0x00000000f0280000)
 ParOldGen       total 116736K, used 37137K [0x00000000a0000000, 0x00000000a7200000, 0x00000000e0000000)
  object space 116736K, 31% used [0x00000000a0000000,0x00000000a2444778,0x00000000a7200000)
 Metaspace       used 57162K, capacity 58652K, committed 59028K, reserved 1099776K
  class space    used 7763K, capacity 8135K, committed 8192K, reserved 1048576K
}

